2026-03-26T22:56:15.700+05:30  INFO 34220 --- [Health_Gov] [restartedMain] com.healthgov.HealthGovApplication       : Starting HealthGovApplication using Java 21.0.8 with PID 34220 (C:\Users\2481285\git\HealthGov_Project_Trail\target\classes started by 2481285 in C:\Users\2481285\git\HealthGov_Project_Trail)
2026-03-26T22:56:15.708+05:30  INFO 34220 --- [Health_Gov] [restartedMain] com.healthgov.HealthGovApplication       : No active profile set, falling back to 1 default profile: "default"
2026-03-26T22:56:15.822+05:30  INFO 34220 --- [Health_Gov] [restartedMain] .e.DevToolsPropertyDefaultsPostProcessor : Devtools property defaults active! Set 'spring.devtools.add-properties' to 'false' to disable
2026-03-26T22:56:15.823+05:30  INFO 34220 --- [Health_Gov] [restartedMain] .e.DevToolsPropertyDefaultsPostProcessor : For additional web related logging consider setting the 'logging.level.web' property to 'DEBUG'
2026-03-26T22:56:18.267+05:30  INFO 34220 --- [Health_Gov] [restartedMain] .s.d.r.c.RepositoryConfigurationDelegate : Bootstrapping Spring Data JPA repositories in DEFAULT mode.
2026-03-26T22:56:18.451+05:30  INFO 34220 --- [Health_Gov] [restartedMain] .s.d.r.c.RepositoryConfigurationDelegate : Finished Spring Data repository scanning in 166 ms. Found 14 JPA repository interfaces.
2026-03-26T22:56:20.162+05:30  INFO 34220 --- [Health_Gov] [restartedMain] o.s.boot.tomcat.TomcatWebServer          : Tomcat initialized with port 1234 (http)
2026-03-26T22:56:20.216+05:30  INFO 34220 --- [Health_Gov] [restartedMain] o.apache.catalina.core.StandardService   : Starting service [Tomcat]
2026-03-26T22:56:20.218+05:30  INFO 34220 --- [Health_Gov] [restartedMain] o.apache.catalina.core.StandardEngine    : Starting Servlet engine: [Apache Tomcat/11.0.18]
2026-03-26T22:56:20.394+05:30  INFO 34220 --- [Health_Gov] [restartedMain] b.w.c.s.WebApplicationContextInitializer : Root WebApplicationContext: initialization completed in 4569 ms
2026-03-26T22:56:20.912+05:30  INFO 34220 --- [Health_Gov] [restartedMain] org.hibernate.orm.jpa                    : HHH008540: Processing PersistenceUnitInfo [name: default]
2026-03-26T22:56:21.107+05:30  INFO 34220 --- [Health_Gov] [restartedMain] org.hibernate.orm.core                   : HHH000001: Hibernate ORM core version 7.2.4.Final
2026-03-26T22:56:22.011+05:30  INFO 34220 --- [Health_Gov] [restartedMain] o.s.o.j.p.SpringPersistenceUnitInfo      : No LoadTimeWeaver setup: ignoring JPA class transformer
2026-03-26T22:56:22.103+05:30  INFO 34220 --- [Health_Gov] [restartedMain] com.zaxxer.hikari.HikariDataSource       : HikariPool-1 - Starting...
2026-03-26T22:56:22.762+05:30  INFO 34220 --- [Health_Gov] [restartedMain] com.zaxxer.hikari.pool.HikariPool        : HikariPool-1 - Added connection com.mysql.cj.jdbc.ConnectionImpl@190f1972
2026-03-26T22:56:22.767+05:30  INFO 34220 --- [Health_Gov] [restartedMain] com.zaxxer.hikari.HikariDataSource       : HikariPool-1 - Start completed.
2026-03-26T22:56:22.961+05:30  WARN 34220 --- [Health_Gov] [restartedMain] org.hibernate.orm.deprecation            : HHH90000025: MySQLDialect does not need to be specified explicitly using 'hibernate.dialect' (remove the property setting and it will be selected by default)
2026-03-26T22:56:23.051+05:30  INFO 34220 --- [Health_Gov] [restartedMain] org.hibernate.orm.connections.pooling    : HHH10001005: Database info:
	Database JDBC URL [jdbc:mysql://localhost:3306/health_gov_new]
	Database driver: MySQL Connector/J
	Database dialect: MySQLDialect
	Database version: 8.0.44
	Default catalog/schema: health_gov_new/undefined
	Autocommit mode: undefined/unknown
	Isolation level: REPEATABLE_READ [default REPEATABLE_READ]
	JDBC fetch size: none
	Pool: DataSourceConnectionProvider
	Minimum pool size: undefined/unknown
	Maximum pool size: undefined/unknown
2026-03-26T22:56:26.120+05:30  INFO 34220 --- [Health_Gov] [restartedMain] org.hibernate.orm.core                   : HHH000489: No JTA platform available (set 'hibernate.transaction.jta.platform' to enable JTA platform integration)
2026-03-26T22:56:26.426+05:30  INFO 34220 --- [Health_Gov] [restartedMain] j.LocalContainerEntityManagerFactoryBean : Initialized JPA EntityManagerFactory for persistence unit 'default'
2026-03-26T22:56:26.546+05:30  INFO 34220 --- [Health_Gov] [restartedMain] o.s.d.j.r.query.QueryEnhancerFactories   : Hibernate is in classpath; If applicable, HQL parser will be used.
2026-03-26T22:56:28.790+05:30  INFO 34220 --- [Health_Gov] [restartedMain] r$InitializeUserDetailsManagerConfigurer : Global AuthenticationManager configured with UserDetailsService bean with name loginServiceImpl
2026-03-26T22:56:29.106+05:30  WARN 34220 --- [Health_Gov] [restartedMain] JpaBaseConfiguration$JpaWebConfiguration : spring.jpa.open-in-view is enabled by default. Therefore, database queries may be performed during view rendering. Explicitly configure spring.jpa.open-in-view to disable this warning
2026-03-26T22:56:29.674+05:30  INFO 34220 --- [Health_Gov] [restartedMain] com.healthgov.config.WebSecurityConfig   : inside security
2026-03-26T22:56:30.192+05:30  INFO 34220 --- [Health_Gov] [restartedMain] o.s.b.a.e.web.EndpointLinksResolver      : Exposing 1 endpoint beneath base path '/actuator'
2026-03-26T22:56:31.018+05:30  INFO 34220 --- [Health_Gov] [restartedMain] o.s.boot.tomcat.TomcatWebServer          : Tomcat started on port 1234 (http) with context path '/'
2026-03-26T22:56:31.031+05:30  INFO 34220 --- [Health_Gov] [restartedMain] com.healthgov.HealthGovApplication       : Started HealthGovApplication in 16.416 seconds (process running for 17.369)
2026-03-26T22:56:31.187+05:30  WARN 34220 --- [Health_Gov] [restartedMain] o.s.core.events.SpringDocAppInitializer  : SpringDoc /v3/api-docs endpoint is enabled by default. To disable it in production, set the property 'springdoc.api-docs.enabled=false'
2026-03-26T22:56:31.188+05:30  WARN 34220 --- [Health_Gov] [restartedMain] o.s.core.events.SpringDocAppInitializer  : SpringDoc /swagger-ui.html endpoint is enabled by default. To disable it in production, set the property 'springdoc.swagger-ui.enabled=false'
2026-03-26T22:57:34.002+05:30  INFO 34220 --- [Health_Gov] [http-nio-1234-exec-1] o.a.c.c.C.[Tomcat].[localhost].[/]       : Initializing Spring DispatcherServlet 'dispatcherServlet'
2026-03-26T22:57:34.002+05:30  INFO 34220 --- [Health_Gov] [http-nio-1234-exec-1] o.s.web.servlet.DispatcherServlet        : Initializing Servlet 'dispatcherServlet'
2026-03-26T22:57:34.009+05:30  INFO 34220 --- [Health_Gov] [http-nio-1234-exec-1] o.s.web.servlet.DispatcherServlet        : Completed initialization in 7 ms
2026-03-26T22:57:34.168+05:30  WARN 34220 --- [Health_Gov] [http-nio-1234-exec-1] o.s.w.s.h.HandlerMappingIntrospector     : Cache miss for REQUEST dispatch to '/swagger-ui/index.html' (previous null). Performing CorsConfiguration lookup. This is logged once only at WARN level, and every time at TRACE.
